BFMTV_BFMStory_2010-09-03_175900
BFMTV_BFMStory_2010-09-14_175900
BFMTV_BFMStory_2010-10-01_175900
BFMTV_BFMStory_2010-11-22_175900
BFMTV_BFMStory_2011-01-03_175900
EST2BC_FRE_FR_20100203_1750_FINTER_DEBATE
EST2BC_FRE_FR_20100204_1000_FINTER_DEBATE
EST2BC_FRE_FR_20100204_123000_FINTER_FOUDUROI_POD
EST2BC_FRE_FR_20100204_1750_FINTER_DEBATE
EST2BC_FRE_FR_20100207_2000_FINTER_DEBATE
EST2BC_FRE_FR_20100214_2000_FINTER_DEBATE
EST2BC_FRE_FR_20101004_2152_FINTER_DEBATE
EST2BC_FRE_FR_20101005_2152_FINTER_DEBATE
EST2BC_FRE_FR_20101006_0910_FINTER_DEBATE
EST2BC_FRE_FR_20101006_2152_FINTER_DEBATE
EST2BC_FRE_FR_20101008_0910_FINTER_DEBATE
EST2BC_FRE_FR_20101017_2004_FINTER_DEBATE
EST2BC_FRE_FR_20101019_0910_FINTER_DEBATE
EST2BC_FRE_FR_20101025_2152_FINTER_DEBATE
EST2BC_FRE_FR_20101026_2152_FINTER_DEBATE
EST2BC_FRE_FR_20101028_2152_FINTER_DEBATE
LCP_CaVousRegarde_2010-09-28_204900
LCP_CaVousRegarde_2010-10-18_204800
LCP_CaVousRegarde_2010-11-22_204800
LCP_EntreLesLignes_2010-09-10_192900
LCP_EntreLesLignes_2010-10-03_135900
LCP_EntreLesLignes_2010-10-24_135900
LCP_EntreLesLignes_2011-01-23_135900
LCP_EntreLesLignes_2011-01-29_122800
LCP_EntreLesLignes_2011-02-13_135700
LCP_PileEtFace_2010-09-11_085900
LCP_PileEtFace_2010-09-18_085900
LCP_PileEtFace_2010-10-03_060400
LCP_PileEtFace_2010-10-10_060400
LCP_PileEtFace_2010-10-17_060400
LCP_PileEtFace_2010-10-24_060400
LCP_PileEtFace_2010-11-21_060400
LCP_PileEtFace_2011-02-13_055700
LCP_TopQuestions_2010-10-26_213800
LCP_TopQuestions_2010-11-02_213800
LCP_TopQuestions_2010-11-16_213800
LCP_TopQuestions_2010-11-23_213800
LCP_TopQuestions_2010-11-30_213800
LCP_TopQuestions_2011-02-01_213800
