BFMTV_BFMStory_2010-09-03_175900
BFMTV_BFMStory_2010-09-14_175900
BFMTV_BFMStory_2010-10-01_175900
BFMTV_BFMStory_2010-11-22_175900
BFMTV_BFMStory_2011-01-03_175900
LCP_CaVousRegarde_2010-09-28_204900
LCP_CaVousRegarde_2010-10-18_204800
LCP_CaVousRegarde_2010-11-22_204800
LCP_EntreLesLignes_2010-09-10_192900
LCP_EntreLesLignes_2010-10-03_135900
LCP_EntreLesLignes_2010-10-24_135900
LCP_EntreLesLignes_2011-01-23_135900
LCP_EntreLesLignes_2011-01-29_122800
LCP_EntreLesLignes_2011-02-13_135700
LCP_PileEtFace_2010-09-11_085900
LCP_PileEtFace_2010-09-18_085900
LCP_PileEtFace_2010-10-03_060400
LCP_PileEtFace_2010-10-10_060400
LCP_PileEtFace_2010-10-17_060400
LCP_PileEtFace_2010-10-24_060400
LCP_PileEtFace_2010-11-21_060400
LCP_PileEtFace_2011-02-13_055700
LCP_TopQuestions_2010-10-26_213800
LCP_TopQuestions_2010-11-02_213800
LCP_TopQuestions_2010-11-16_213800
LCP_TopQuestions_2010-11-23_213800
LCP_TopQuestions_2010-11-30_213800
LCP_TopQuestions_2011-02-01_213800
