\BOOKMARK [1][-]{section.1}{1\040Introduction}{}% 1
\BOOKMARK [2][-]{subsection.1.1}{1.1\040**\040What's\040new\040**}{section.1}% 2
\BOOKMARK [1][-]{section.2}{2\040Main\040features}{}% 3
\BOOKMARK [2][-]{subsection.2.1}{2.1\040Implementation\040principle}{section.2}% 4
\BOOKMARK [2][-]{subsection.2.2}{2.2\040Support\040for\040simple\040LaTeX\040commands}{section.2}% 5
\BOOKMARK [2][-]{subsection.2.3}{2.3\040Available\040environments}{section.2}% 6
\BOOKMARK [2][-]{subsection.2.4}{2.4\040Automatic\040numerotation,\040labels\040and\040references}{section.2}% 7
\BOOKMARK [2][-]{subsection.2.5}{2.5\040Bibliography}{section.2}% 8
\BOOKMARK [3][-]{subsubsection.2.5.1}{2.5.1\040Usage}{subsection.2.5}% 9
\BOOKMARK [3][-]{subsubsection.2.5.2}{2.5.2\040Implementation}{subsection.2.5}% 10
\BOOKMARK [2][-]{subsection.2.6}{2.6\040Figure\040environment}{section.2}% 11
\BOOKMARK [2][-]{subsection.2.7}{2.7\040figcaption}{section.2}% 12
\BOOKMARK [2][-]{subsection.2.8}{2.8\040Other\040features}{section.2}% 13
\BOOKMARK [2][-]{subsection.2.9}{2.9\040User\040interface}{section.2}% 14
\BOOKMARK [3][-]{subsubsection.2.9.1}{2.9.1\040Buttons\040on\040main\040toolbar}{subsection.2.9}% 15
\BOOKMARK [3][-]{subsubsection.2.9.2}{2.9.2\040Configuration\040toolbar}{subsection.2.9}% 16
\BOOKMARK [2][-]{subsection.2.10}{2.10\040The\040LaTeX_envs\040insertion\040menu}{section.2}% 17
\BOOKMARK [1][-]{section.3}{3\040Conversion\040to\040LaTeX\040and\040HTML}{}% 18
\BOOKMARK [2][-]{subsection.3.1}{3.1\040Conversion\040to\040html}{section.3}% 19
\BOOKMARK [2][-]{subsection.3.2}{3.2\040Conversion\040to\040LaTeX}{section.3}% 20
\BOOKMARK [1][-]{section.4}{4\040Installation}{}% 21
\BOOKMARK [1][-]{section.5}{5\040Customization}{}% 22
\BOOKMARK [2][-]{subsection.5.1}{5.1\040Configuration\040parameters}{section.5}% 23
\BOOKMARK [2][-]{subsection.5.2}{5.2\040User\040environments\040configuration}{section.5}% 24
\BOOKMARK [2][-]{subsection.5.3}{5.3\040Styling}{section.5}% 25
\BOOKMARK [1][-]{section.6}{6\040Usage\040and\040further\040examples}{}% 26
\BOOKMARK [2][-]{subsection.6.1}{6.1\040First\040example\040\(continued\)}{section.6}% 27
\BOOKMARK [2][-]{subsection.6.2}{6.2\040Second\040example}{section.6}% 28
\BOOKMARK [2][-]{subsection.6.3}{6.3\040Third\040example:}{section.6}% 29
\BOOKMARK [1][-]{section.7}{7\040Disclaimer,\040sources\040and\040thanks}{}% 30
